<?xml version="1.0" encoding="UTF-8"?>
<testsuite name="InvoiceServiceTest" tests="1" skipped="0" failures="0" errors="0" timestamp="2021-04-02T06:42:09" hostname="DESKTOP-0QBG6NF" time="0.039">
  <properties/>
  <testcase name="givenMultipleRides_shouldReturnTotalFare()" classname="InvoiceServiceTest" time="0.039"/>
  <system-out><![CDATA[]]></system-out>
  <system-err><![CDATA[]]></system-err>
</testsuite>
